This is pdfTeX, Version 3.141592653-2.6-1.40.23 (MiKTeX 21.8) (preloaded format=pdflatex 2021.9.27)  22 DEC 2022 00:33
entering extended mode
**"./Predicting Steam Games review vis-à-vis ChaosNet.tex"
(Predicting Steam Games review vis-à-vis ChaosNet.tex
LaTeX2e <2021-06-01> patch level 1
L3 programming layer <2021-08-27> (llncs.cls
Document Class: llncs 2018/03/10 v2.20 
 LaTeX document class for Lecture Notes in Computer Science

(C:\Users\Anurag Dutta\AppData\Local\Programs\MiKTeX\tex/latex/base\article.cls
Document Class: article 2021/02/12 v1.4n Standard LaTeX document class
(C:\Users\Anurag Dutta\AppData\Local\Programs\MiKTeX\tex/latex/base\size10.clo
File: size10.clo 2021/02/12 v1.4n Standard LaTeX file (size option)
)
\c@part=\count182
\c@section=\count183
\c@subsection=\count184
\c@subsubsection=\count185
\c@paragraph=\count186
\c@subparagraph=\count187
\c@figure=\count188
\c@table=\count189
\abovecaptionskip=\skip47
\belowcaptionskip=\skip48
\bibindent=\dimen138
)
(C:\Users\Anurag Dutta\AppData\Local\Programs\MiKTeX\tex/latex/tools\multicol.s
ty
Package: multicol 2019/12/09 v1.8y multicolumn formatting (FMi)
\c@tracingmulticols=\count190
\mult@box=\box50
\multicol@leftmargin=\dimen139
\c@unbalance=\count191
\c@collectmore=\count192
\doublecol@number=\count193
\multicoltolerance=\count194
\multicolpretolerance=\count195
\full@width=\dimen140
\page@free=\dimen141
\premulticols=\dimen142
\postmulticols=\dimen143
\multicolsep=\skip49
\multicolbaselineskip=\skip50
\partial@page=\box51
\last@line=\box52
\maxbalancingoverflow=\dimen144
\mult@rightbox=\box53
\mult@grightbox=\box54
\mult@gfirstbox=\box55
\mult@firstbox=\box56
\@tempa=\box57
\@tempa=\box58
\@tempa=\box59
\@tempa=\box60
\@tempa=\box61
\@tempa=\box62
\@tempa=\box63
\@tempa=\box64
\@tempa=\box65
\@tempa=\box66
\@tempa=\box67
\@tempa=\box68
\@tempa=\box69
\@tempa=\box70
\@tempa=\box71
\@tempa=\box72
\@tempa=\box73
\@tempa=\box74
\@tempa=\box75
\@tempa=\box76
\@tempa=\box77
\@tempa=\box78
\@tempa=\box79
\@tempa=\box80
\@tempa=\box81
\@tempa=\box82
\@tempa=\box83
\@tempa=\box84
\@tempa=\box85
\@tempa=\box86
\@tempa=\box87
\@tempa=\box88
\@tempa=\box89
\@tempa=\box90
\@tempa=\box91
\@tempa=\box92
\@tempa=\box93
\c@minrows=\count196
\c@columnbadness=\count197
\c@finalcolumnbadness=\count198
\last@try=\dimen145
\multicolovershoot=\dimen146
\multicolundershoot=\dimen147
\mult@nat@firstbox=\box94
\colbreak@box=\box95
\mc@col@check@num=\count199
)
(C:\Users\Anurag Dutta\AppData\Local\Programs\MiKTeX\tex/latex/oberdiek\aliascn
t.sty
Package: aliascnt 2018/09/07 v1.5 Alias counters (HO)
)
\c@chapter=\count266
LaTeX Font Info:    Redeclaring math symbol \Gamma on input line 362.
LaTeX Font Info:    Redeclaring math symbol \Delta on input line 363.
LaTeX Font Info:    Redeclaring math symbol \Theta on input line 364.
LaTeX Font Info:    Redeclaring math symbol \Lambda on input line 365.
LaTeX Font Info:    Redeclaring math symbol \Xi on input line 366.
LaTeX Font Info:    Redeclaring math symbol \Pi on input line 367.
LaTeX Font Info:    Redeclaring math symbol \Sigma on input line 368.
LaTeX Font Info:    Redeclaring math symbol \Upsilon on input line 369.
LaTeX Font Info:    Redeclaring math symbol \Phi on input line 370.
LaTeX Font Info:    Redeclaring math symbol \Psi on input line 371.
LaTeX Font Info:    Redeclaring math symbol \Omega on input line 372.
\tocchpnum=\dimen148
\tocsecnum=\dimen149
\tocsectotal=\dimen150
\tocsubsecnum=\dimen151
\tocsubsectotal=\dimen152
\tocsubsubsecnum=\dimen153
\tocsubsubsectotal=\dimen154
\tocparanum=\dimen155
\tocparatotal=\dimen156
\tocsubparanum=\dimen157
\@tempcntc=\count267
\fnindent=\dimen158
\c@@inst=\count268
\c@@auth=\count269
\c@auco=\count270
\instindent=\dimen159
\authrun=\box96
\authorrunning=\toks16
\tocauthor=\toks17
\titrun=\box97
\titlerunning=\toks18
\toctitle=\toks19
\c@theorem=\count271
\c@case=\count272
\c@conjecture=\count273
\c@corollary=\count274
\c@definition=\count275
\c@example=\count276
\c@exercise=\count277
\c@lemma=\count278
\c@note=\count279
\c@problem=\count280
\c@property=\count281
\c@proposition=\count282
\c@question=\count283
\c@solution=\count284
\c@remark=\count285
\headlineindent=\dimen160
)
(C:\Users\Anurag Dutta\AppData\Local\Programs\MiKTeX\tex/latex/algorithms\algor
ithm.sty
Package: algorithm 2009/08/24 v0.1 Document Style `algorithm' - floating enviro
nment

(C:\Users\Anurag Dutta\AppData\Local\Programs\MiKTeX\tex/latex/float\float.sty
Package: float 2001/11/08 v1.3d Float enhancements (AL)
\c@float@type=\count286
\float@exts=\toks20
\float@box=\box98
\@float@everytoks=\toks21
\@floatcapt=\box99
) (C:\Users\Anurag Dutta\AppData\Local\Programs\MiKTeX\tex/latex/base\ifthen.st
y
Package: ifthen 2020/11/24 v1.1c Standard LaTeX ifthen package (DPC)
)
\@float@every@algorithm=\toks22
\c@algorithm=\count287
)
(C:\Users\Anurag Dutta\AppData\Local\Programs\MiKTeX\tex/latex/amsmath\amsmath.
sty
Package: amsmath 2021/04/20 v2.17j AMS math features
\@mathmargin=\skip51

For additional information on amsmath, use the `?' option.

(C:\Users\Anurag Dutta\AppData\Local\Programs\MiKTeX\tex/latex/amsmath\amstext.
sty
Package: amstext 2000/06/29 v2.01 AMS text

(C:\Users\Anurag Dutta\AppData\Local\Programs\MiKTeX\tex/latex/amsmath\amsgen.s
ty
File: amsgen.sty 1999/11/30 v2.0 generic functions
\@emptytoks=\toks23
\ex@=\dimen161
))
(C:\Users\Anurag Dutta\AppData\Local\Programs\MiKTeX\tex/latex/amsmath\amsbsy.s
ty
Package: amsbsy 1999/11/29 v1.2d Bold Symbols
\pmbraise@=\dimen162
)
(C:\Users\Anurag Dutta\AppData\Local\Programs\MiKTeX\tex/latex/amsmath\amsopn.s
ty
Package: amsopn 2016/03/08 v2.02 operator names
)
\inf@bad=\count288
LaTeX Info: Redefining \frac on input line 234.
\uproot@=\count289
\leftroot@=\count290
LaTeX Info: Redefining \overline on input line 399.
\classnum@=\count291
\DOTSCASE@=\count292
LaTeX Info: Redefining \ldots on input line 496.
LaTeX Info: Redefining \dots on input line 499.
LaTeX Info: Redefining \cdots on input line 620.
\Mathstrutbox@=\box100
\strutbox@=\box101
\big@size=\dimen163
LaTeX Font Info:    Redeclaring font encoding OML on input line 743.
LaTeX Font Info:    Redeclaring font encoding OMS on input line 744.
\macc@depth=\count293
\c@MaxMatrixCols=\count294
\dotsspace@=\muskip16
\c@parentequation=\count295
\dspbrk@lvl=\count296
\tag@help=\toks24
\row@=\count297
\column@=\count298
\maxfields@=\count299
\andhelp@=\toks25
\eqnshift@=\dimen164
\alignsep@=\dimen165
\tagshift@=\dimen166
\tagwidth@=\dimen167
\totwidth@=\dimen168
\lineht@=\dimen169
\@envbody=\toks26
\multlinegap=\skip52
\multlinetaggap=\skip53
\mathdisplay@stack=\toks27
LaTeX Info: Redefining \[ on input line 2923.
LaTeX Info: Redefining \] on input line 2924.
)
(C:\Users\Anurag Dutta\AppData\Local\Programs\MiKTeX\tex/latex/amsfonts\amssymb
.sty
Package: amssymb 2013/01/14 v3.01 AMS font symbols

(C:\Users\Anurag Dutta\AppData\Local\Programs\MiKTeX\tex/latex/amsfonts\amsfont
s.sty
Package: amsfonts 2013/01/14 v3.01 Basic AMSFonts support
\symAMSa=\mathgroup4
\symAMSb=\mathgroup5
LaTeX Font Info:    Redeclaring math symbol \hbar on input line 98.
LaTeX Font Info:    Overwriting math alphabet `\mathfrak' in version `bold'
(Font)                  U/euf/m/n --> U/euf/b/n on input line 106.
))
(C:\Users\Anurag Dutta\AppData\Local\Programs\MiKTeX\tex/latex/algorithmicx\alg
pseudocode.sty
Package: algpseudocode 

(C:\Users\Anurag Dutta\AppData\Local\Programs\MiKTeX\tex/latex/algorithmicx\alg
orithmicx.sty
Package: algorithmicx 2005/04/27 v1.2 Algorithmicx

Document Style algorithmicx 1.2 - a greatly improved `algorithmic' style
\c@ALG@line=\count300
\c@ALG@rem=\count301
\c@ALG@nested=\count302
\ALG@tlm=\skip54
\ALG@thistlm=\skip55
\c@ALG@Lnr=\count303
\c@ALG@blocknr=\count304
\c@ALG@storecount=\count305
\c@ALG@tmpcounter=\count306
\ALG@tmplength=\skip56
)
Document Style - pseudocode environments for use with the `algorithmicx' style
)
(C:\Users\Anurag Dutta\AppData\Local\Programs\MiKTeX\tex/latex/graphics\graphic
x.sty
Package: graphicx 2020/12/05 v1.2c Enhanced LaTeX Graphics (DPC,SPQR)

(C:\Users\Anurag Dutta\AppData\Local\Programs\MiKTeX\tex/latex/graphics\keyval.
sty
Package: keyval 2014/10/28 v1.15 key=value parser (DPC)
\KV@toks@=\toks28
)
(C:\Users\Anurag Dutta\AppData\Local\Programs\MiKTeX\tex/latex/graphics\graphic
s.sty
Package: graphics 2021/03/04 v1.4d Standard LaTeX Graphics (DPC,SPQR)

(C:\Users\Anurag Dutta\AppData\Local\Programs\MiKTeX\tex/latex/graphics\trig.st
y
Package: trig 2016/01/03 v1.10 sin cos tan (DPC)
)
(C:\Users\Anurag Dutta\AppData\Local\Programs\MiKTeX\tex/latex/graphics-cfg\gra
phics.cfg
File: graphics.cfg 2016/06/04 v1.11 sample graphics configuration
)
Package graphics Info: Driver file: pdftex.def on input line 107.

(C:\Users\Anurag Dutta\AppData\Local\Programs\MiKTeX\tex/latex/graphics-def\pdf
tex.def
File: pdftex.def 2020/10/05 v1.2a Graphics/color driver for pdftex
))
\Gin@req@height=\dimen170
\Gin@req@width=\dimen171
)
(C:\Users\Anurag Dutta\AppData\Local\Programs\MiKTeX\tex/latex/hyperref\hyperre
f.sty
Package: hyperref 2021-06-07 v7.00m Hypertext links for LaTeX

(C:\Users\Anurag Dutta\AppData\Local\Programs\MiKTeX\tex/generic/ltxcmds\ltxcmd
s.sty
Package: ltxcmds 2020-05-10 v1.25 LaTeX kernel commands for general use (HO)
)
(C:\Users\Anurag Dutta\AppData\Local\Programs\MiKTeX\tex/generic/iftex\iftex.st
y
Package: iftex 2020/03/06 v1.0d TeX engine tests
)
(C:\Users\Anurag Dutta\AppData\Local\Programs\MiKTeX\tex/generic/pdftexcmds\pdf
texcmds.sty
Package: pdftexcmds 2020-06-27 v0.33 Utility functions of pdfTeX for LuaTeX (HO
)

(C:\Users\Anurag Dutta\AppData\Local\Programs\MiKTeX\tex/generic/infwarerr\infw
arerr.sty
Package: infwarerr 2019/12/03 v1.5 Providing info/warning/error messages (HO)
)
Package pdftexcmds Info: \pdf@primitive is available.
Package pdftexcmds Info: \pdf@ifprimitive is available.
Package pdftexcmds Info: \pdfdraftmode found.
)
(C:\Users\Anurag Dutta\AppData\Local\Programs\MiKTeX\tex/generic/kvsetkeys\kvse
tkeys.sty
Package: kvsetkeys 2019/12/15 v1.18 Key value parser (HO)
)
(C:\Users\Anurag Dutta\AppData\Local\Programs\MiKTeX\tex/generic/kvdefinekeys\k
vdefinekeys.sty
Package: kvdefinekeys 2019-12-19 v1.6 Define keys (HO)
)
(C:\Users\Anurag Dutta\AppData\Local\Programs\MiKTeX\tex/generic/pdfescape\pdfe
scape.sty
Package: pdfescape 2019/12/09 v1.15 Implements pdfTeX's escape features (HO)
)
(C:\Users\Anurag Dutta\AppData\Local\Programs\MiKTeX\tex/latex/hycolor\hycolor.
sty
Package: hycolor 2020-01-27 v1.10 Color options for hyperref/bookmark (HO)
)
(C:\Users\Anurag Dutta\AppData\Local\Programs\MiKTeX\tex/latex/letltxmacro\letl
txmacro.sty
Package: letltxmacro 2019/12/03 v1.6 Let assignment for LaTeX macros (HO)
)
(C:\Users\Anurag Dutta\AppData\Local\Programs\MiKTeX\tex/latex/auxhook\auxhook.
sty
Package: auxhook 2019-12-17 v1.6 Hooks for auxiliary files (HO)
)
(C:\Users\Anurag Dutta\AppData\Local\Programs\MiKTeX\tex/latex/kvoptions\kvopti
ons.sty
Package: kvoptions 2020-10-07 v3.14 Key value format for package options (HO)
)
\@linkdim=\dimen172
\Hy@linkcounter=\count307
\Hy@pagecounter=\count308

(C:\Users\Anurag Dutta\AppData\Local\Programs\MiKTeX\tex/latex/hyperref\pd1enc.
def
File: pd1enc.def 2021-06-07 v7.00m Hyperref: PDFDocEncoding definition (HO)
Now handling font encoding PD1 ...
... no UTF-8 mapping file for font encoding PD1
)
(C:\Users\Anurag Dutta\AppData\Local\Programs\MiKTeX\tex/latex/hyperref\hyperre
f-langpatches.def
File: hyperref-langpatches.def 2021-06-07 v7.00m Hyperref: patches for babel la
nguages
)
(C:\Users\Anurag Dutta\AppData\Local\Programs\MiKTeX\tex/generic/intcalc\intcal
c.sty
Package: intcalc 2019/12/15 v1.3 Expandable calculations with integers (HO)
)
(C:\Users\Anurag Dutta\AppData\Local\Programs\MiKTeX\tex/generic/etexcmds\etexc
mds.sty
Package: etexcmds 2019/12/15 v1.7 Avoid name clashes with e-TeX commands (HO)
)
\Hy@SavedSpaceFactor=\count309

(C:\Users\Anurag Dutta\AppData\Local\Programs\MiKTeX\tex/latex/hyperref\puenc.d
ef
File: puenc.def 2021-06-07 v7.00m Hyperref: PDF Unicode definition (HO)
Now handling font encoding PU ...
... no UTF-8 mapping file for font encoding PU
)
Package hyperref Info: Hyper figures OFF on input line 4192.
Package hyperref Info: Link nesting OFF on input line 4197.
Package hyperref Info: Hyper index ON on input line 4200.
Package hyperref Info: Plain pages OFF on input line 4207.
Package hyperref Info: Backreferencing OFF on input line 4212.
Package hyperref Info: Implicit mode ON; LaTeX internals redefined.
Package hyperref Info: Bookmarks ON on input line 4445.
\c@Hy@tempcnt=\count310
 (C:\Users\Anurag Dutta\AppData\Local\Programs\MiKTeX\tex/latex/url\url.sty
\Urlmuskip=\muskip17
Package: url 2013/09/16  ver 3.4  Verb mode for urls, etc.
)
LaTeX Info: Redefining \url on input line 4804.
\XeTeXLinkMargin=\dimen173

(C:\Users\Anurag Dutta\AppData\Local\Programs\MiKTeX\tex/generic/bitset\bitset.
sty
Package: bitset 2019/12/09 v1.3 Handle bit-vector datatype (HO)

(C:\Users\Anurag Dutta\AppData\Local\Programs\MiKTeX\tex/generic/bigintcalc\big
intcalc.sty
Package: bigintcalc 2019/12/15 v1.5 Expandable calculations on big integers (HO
)
))
\Fld@menulength=\count311
\Field@Width=\dimen174
\Fld@charsize=\dimen175
Package hyperref Info: Hyper figures OFF on input line 6076.
Package hyperref Info: Link nesting OFF on input line 6081.
Package hyperref Info: Hyper index ON on input line 6084.
Package hyperref Info: backreferencing OFF on input line 6091.
Package hyperref Info: Link coloring OFF on input line 6096.
Package hyperref Info: Link coloring with OCG OFF on input line 6101.
Package hyperref Info: PDF/A mode OFF on input line 6106.
LaTeX Info: Redefining \ref on input line 6146.
LaTeX Info: Redefining \pageref on input line 6150.

(C:\Users\Anurag Dutta\AppData\Local\Programs\MiKTeX\tex/latex/base\atbegshi-lt
x.sty
Package: atbegshi-ltx 2021/01/10 v1.0c Emulation of the original atbegshi
package with kernel methods
)
\Hy@abspage=\count312
\c@Item=\count313
\c@Hfootnote=\count314
)
Package hyperref Info: Driver (autodetected): hpdftex.

(C:\Users\Anurag Dutta\AppData\Local\Programs\MiKTeX\tex/latex/hyperref\hpdftex
.def
File: hpdftex.def 2021-06-07 v7.00m Hyperref driver for pdfTeX

(C:\Users\Anurag Dutta\AppData\Local\Programs\MiKTeX\tex/latex/base\atveryend-l
tx.sty
Package: atveryend-ltx 2020/08/19 v1.0a Emulation of the original atvery packag
e
with kernel methods
)
\Fld@listcount=\count315
\c@bookmark@seq@number=\count316

(C:\Users\Anurag Dutta\AppData\Local\Programs\MiKTeX\tex/latex/rerunfilecheck\r
erunfilecheck.sty
Package: rerunfilecheck 2019/12/05 v1.9 Rerun checks for auxiliary files (HO)

(C:\Users\Anurag Dutta\AppData\Local\Programs\MiKTeX\tex/generic/uniquecounter\
uniquecounter.sty
Package: uniquecounter 2019/12/15 v1.4 Provide unlimited unique counter (HO)
)
Package uniquecounter Info: New unique counter `rerunfilecheck' on input line 2
86.
)
\Hy@SectionHShift=\skip57
)
(C:\Users\Anurag Dutta\AppData\Local\Programs\MiKTeX\tex/latex/xcolor\xcolor.st
y
Package: xcolor 2016/05/11 v2.12 LaTeX color extensions (UK)

(C:\Users\Anurag Dutta\AppData\Local\Programs\MiKTeX\tex/latex/graphics-cfg\col
or.cfg
File: color.cfg 2016/01/02 v1.6 sample color configuration
)
Package xcolor Info: Driver file: pdftex.def on input line 225.
Package xcolor Info: Model `cmy' substituted by `cmy0' on input line 1348.
Package xcolor Info: Model `hsb' substituted by `rgb' on input line 1352.
Package xcolor Info: Model `RGB' extended on input line 1364.
Package xcolor Info: Model `HTML' substituted by `rgb' on input line 1366.
Package xcolor Info: Model `Hsb' substituted by `hsb' on input line 1367.
Package xcolor Info: Model `tHsb' substituted by `hsb' on input line 1368.
Package xcolor Info: Model `HSB' substituted by `hsb' on input line 1369.
Package xcolor Info: Model `Gray' substituted by `gray' on input line 1370.
Package xcolor Info: Model `wave' substituted by `hsb' on input line 1371.
)
(C:\Users\Anurag Dutta\AppData\Local\Programs\MiKTeX\tex/latex/base\makeidx.sty
Package: makeidx 2014/09/29 v1.0m Standard LaTeX package
)
Package hyperref Info: Option `colorlinks' set `true' on input line 38.

(C:\Users\Anurag Dutta\AppData\Local\Programs\MiKTeX\tex/latex/l3backend\l3back
end-pdftex.def
File: l3backend-pdftex.def 2021-08-04 L3 backend support: PDF output (pdfTeX)
\l__color_backend_stack_int=\count317
\l__pdf_internal_box=\box102
) (Predicting Steam Games review vis-à-vis ChaosNet.aux)
\openout1 = `"Predicting Steam Games review vis-à-vis ChaosNet.aux"'.

LaTeX Font Info:    Checking defaults for OML/cmm/m/it on input line 39.
LaTeX Font Info:    ... okay on input line 39.
LaTeX Font Info:    Checking defaults for OMS/cmsy/m/n on input line 39.
LaTeX Font Info:    ... okay on input line 39.
LaTeX Font Info:    Checking defaults for OT1/cmr/m/n on input line 39.
LaTeX Font Info:    ... okay on input line 39.
LaTeX Font Info:    Checking defaults for T1/cmr/m/n on input line 39.
LaTeX Font Info:    ... okay on input line 39.
LaTeX Font Info:    Checking defaults for TS1/cmr/m/n on input line 39.
LaTeX Font Info:    ... okay on input line 39.
LaTeX Font Info:    Checking defaults for OMX/cmex/m/n on input line 39.
LaTeX Font Info:    ... okay on input line 39.
LaTeX Font Info:    Checking defaults for U/cmr/m/n on input line 39.
LaTeX Font Info:    ... okay on input line 39.
LaTeX Font Info:    Checking defaults for PD1/pdf/m/n on input line 39.
LaTeX Font Info:    ... okay on input line 39.
LaTeX Font Info:    Checking defaults for PU/pdf/m/n on input line 39.
LaTeX Font Info:    ... okay on input line 39.

(C:\Users\Anurag Dutta\AppData\Local\Programs\MiKTeX\tex/context/base/mkii\supp
-pdf.mkii
[Loading MPS to PDF converter (version 2006.09.02).]
\scratchcounter=\count318
\scratchdimen=\dimen176
\scratchbox=\box103
\nofMPsegments=\count319
\nofMParguments=\count320
\everyMPshowfont=\toks29
\MPscratchCnt=\count321
\MPscratchDim=\dimen177
\MPnumerator=\count322
\makeMPintoPDFobject=\count323
\everyMPtoPDFconversion=\toks30
)
(C:\Users\Anurag Dutta\AppData\Local\Programs\MiKTeX\tex/latex/epstopdf-pkg\eps
topdf-base.sty
Package: epstopdf-base 2020-01-24 v2.11 Base part for package epstopdf
Package epstopdf-base Info: Redefining graphics rule for `.eps' on input line 4
85.

(C:\Users\Anurag Dutta\AppData\Local\Programs\MiKTeX\tex/latex/00miktex\epstopd
f-sys.cfg
File: epstopdf-sys.cfg 2021/03/18 v2.0 Configuration of epstopdf for MiKTeX
))
Package hyperref Info: Link coloring ON on input line 39.

(C:\Users\Anurag Dutta\AppData\Local\Programs\MiKTeX\tex/latex/hyperref\nameref
.sty
Package: nameref 2021-04-02 v2.47 Cross-referencing by name of section

(C:\Users\Anurag Dutta\AppData\Local\Programs\MiKTeX\tex/latex/refcount\refcoun
t.sty
Package: refcount 2019/12/15 v3.6 Data extraction from label references (HO)
)
(C:\Users\Anurag Dutta\AppData\Local\Programs\MiKTeX\tex/generic/gettitlestring
\gettitlestring.sty
Package: gettitlestring 2019/12/15 v1.6 Cleanup title references (HO)
)
\c@section@level=\count324
)
LaTeX Info: Redefining \ref on input line 39.
LaTeX Info: Redefining \pageref on input line 39.
LaTeX Info: Redefining \nameref on input line 39.
 (Predicting Steam Games review vis-à-vis ChaosNet.out)
(Predicting Steam Games review vis-à-vis ChaosNet.out)
\@outlinefile=\write3
\openout3 = `"Predicting Steam Games review vis-à-vis ChaosNet.out"'.

LaTeX Font Info:    Trying to load font information for U+msa on input line 59.


(C:\Users\Anurag Dutta\AppData\Local\Programs\MiKTeX\tex/latex/amsfonts\umsa.fd
File: umsa.fd 2013/01/14 v3.01 AMS symbols A
)
LaTeX Font Info:    Trying to load font information for U+msb on input line 59.


(C:\Users\Anurag Dutta\AppData\Local\Programs\MiKTeX\tex/latex/amsfonts\umsb.fd
File: umsb.fd 2013/01/14 v3.01 AMS symbols B
)

LaTeX Warning: Command \textendash invalid in math mode on input line 59.


LaTeX Warning: Command \textendash invalid in math mode on input line 59.


LaTeX Warning: Command \textendash invalid in math mode on input line 59.


LaTeX Warning: Command \textendash invalid in math mode on input line 59.


LaTeX Warning: Command \textendash invalid in math mode on input line 59.


LaTeX Warning: Command \textendash invalid in math mode on input line 59.

[1

{C:/Users/Anurag Dutta/AppData/Local/MiKTeX/pdftex/config/pdftex.map}]
Underfull \hbox (badness 10000) in paragraph at lines 67--68

 []


Underfull \hbox (badness 10000) in paragraph at lines 69--70

 []

[2]
Underfull \hbox (badness 10000) in paragraph at lines 71--72

 []

<1.jpg, id=26, 481.8pt x 323.70938pt>
File: 1.jpg Graphic file (type jpg)
<use 1.jpg>
Package pdftex.def Info: 1.jpg  used on input line 83.
(pdftex.def)             Requested size: 347.12354pt x 233.22864pt.

Underfull \hbox (badness 10000) in paragraph at lines 80--87

 []


Underfull \hbox (badness 10000) in paragraph at lines 80--87

 []

[3] [4 <./1.jpg>] [5]
Underfull \vbox (badness 10000) has occurred while \output is active []

 [6]
Underfull \vbox (badness 10000) has occurred while \output is active []

 [7]
[8] [9] [10] [11] [12]
Underfull \hbox (badness 10000) in paragraph at lines 255--257

 []

[13]
Underfull \hbox (badness 10000) in paragraph at lines 282--283

 []

[14] (Predicting Steam Games review vis-à-vis ChaosNet.aux)
Package rerunfilecheck Info: File `"Predicting Steam Games review vis-à-vis Ch
aosNet".out' has not changed.
(rerunfilecheck)             Checksum: 5AF209F91F16C93DF2725B5B1FA56D30;301.
 ) 
Here is how much of TeX's memory you used:
 10518 strings out of 478927
 154578 string characters out of 2849181
 481667 words of memory out of 3000000
 28193 multiletter control sequences out of 15000+600000
 411769 words of font info for 59 fonts, out of 8000000 for 9000
 1141 hyphenation exceptions out of 8191
 60i,8n,66p,8859b,558s stack positions out of 5000i,500n,10000p,200000b,80000s
{C:/Users/Anurag Dutta/AppData/Local/Programs/MiKTeX/fonts/enc/dvips/cm-super
/cm-super-ts1.enc}<C:/Users/Anurag Dutta/AppData/Local/Programs/MiKTeX/fonts/ty
pe1/public/amsfonts/cm/cmbx12.pfb><C:/Users/Anurag Dutta/AppData/Local/Programs
/MiKTeX/fonts/type1/public/amsfonts/cm/cmbx9.pfb><C:/Users/Anurag Dutta/AppData
/Local/Programs/MiKTeX/fonts/type1/public/amsfonts/cm/cmbxti10.pfb><C:/Users/An
urag Dutta/AppData/Local/Programs/MiKTeX/fonts/type1/public/amsfonts/cm/cmex10.
pfb><C:/Users/Anurag Dutta/AppData/Local/Programs/MiKTeX/fonts/type1/public/ams
fonts/cm/cmmi10.pfb><C:/Users/Anurag Dutta/AppData/Local/Programs/MiKTeX/fonts/
type1/public/amsfonts/cm/cmmi6.pfb><C:/Users/Anurag Dutta/AppData/Local/Program
s/MiKTeX/fonts/type1/public/amsfonts/cm/cmmi7.pfb><C:/Users/Anurag Dutta/AppDat
a/Local/Programs/MiKTeX/fonts/type1/public/amsfonts/cm/cmmi9.pfb><C:/Users/Anur
ag Dutta/AppData/Local/Programs/MiKTeX/fonts/type1/public/amsfonts/cm/cmr10.pfb
><C:/Users/Anurag Dutta/AppData/Local/Programs/MiKTeX/fonts/type1/public/amsfon
ts/cm/cmr6.pfb><C:/Users/Anurag Dutta/AppData/Local/Programs/MiKTeX/fonts/type1
/public/amsfonts/cm/cmr7.pfb><C:/Users/Anurag Dutta/AppData/Local/Programs/MiKT
eX/fonts/type1/public/amsfonts/cm/cmr9.pfb><C:/Users/Anurag Dutta/AppData/Local
/Programs/MiKTeX/fonts/type1/public/amsfonts/cm/cmsy10.pfb><C:/Users/Anurag Dut
ta/AppData/Local/Programs/MiKTeX/fonts/type1/public/amsfonts/cm/cmsy7.pfb><C:/U
sers/Anurag Dutta/AppData/Local/Programs/MiKTeX/fonts/type1/public/amsfonts/cm/
cmsy9.pfb><C:/Users/Anurag Dutta/AppData/Local/Programs/MiKTeX/fonts/type1/publ
ic/amsfonts/cm/cmti10.pfb><C:/Users/Anurag Dutta/AppData/Local/Programs/MiKTeX/
fonts/type1/public/amsfonts/cm/cmtt10.pfb><C:/Users/Anurag Dutta/AppData/Local/
Programs/MiKTeX/fonts/type1/public/amsfonts/cm/cmtt9.pfb><C:/Users/Anurag Dutta
/AppData/Local/Programs/MiKTeX/fonts/type1/public/cm-super/sfrm0900.pfb><C:/Use
rs/Anurag Dutta/AppData/Local/Programs/MiKTeX/fonts/type1/public/cm-super/sfrm1
000.pfb>
Output written on "Predicting Steam Games review vis-à-vis ChaosNet.pdf" (14 p
ages, 336405 bytes).
PDF statistics:
 199 PDF objects out of 1000 (max. 8388607)
 31 named destinations out of 1000 (max. 500000)
 14 words of extra memory for PDF output out of 10000 (max. 10000000)

